{"/home/creekz/Projects/Shady_Trader/backend/backup.ts":{"path":"/home/creekz/Projects/Shady_Trader/backend/backup.ts","statementMap":{"0":{"start":{"line":4,"column":16},"end":{"line":4,"column":54}},"1":{"start":{"line":5,"column":19},"end":{"line":5,"column":54}},"2":{"start":{"line":6,"column":20},"end":{"line":6,"column":21}},"3":{"start":{"line":9,"column":2},"end":{"line":18,"column":3}},"4":{"start":{"line":10,"column":4},"end":{"line":10,"column":52}},"5":{"start":{"line":11,"column":22},"end":{"line":11,"column":68}},"6":{"start":{"line":12,"column":23},"end":{"line":12,"column":71}},"7":{"start":{"line":13,"column":4},"end":{"line":13,"column":43}},"8":{"start":{"line":14,"column":4},"end":{"line":14,"column":49}},"9":{"start":{"line":15,"column":4},"end":{"line":15,"column":30}},"10":{"start":{"line":17,"column":4},"end":{"line":17,"column":43}},"11":{"start":{"line":22,"column":2},"end":{"line":40,"column":3}},"12":{"start":{"line":23,"column":18},"end":{"line":23,"column":46}},"13":{"start":{"line":24,"column":20},"end":{"line":26,"column":71}},"14":{"start":{"line":25,"column":22},"end":{"line":25,"column":52}},"15":{"start":{"line":26,"column":20},"end":{"line":26,"column":69}},"16":{"start":{"line":29,"column":4},"end":{"line":29,"column":57}},"17":{"start":{"line":29,"column":27},"end":{"line":29,"column":55}},"18":{"start":{"line":31,"column":4},"end":{"line":37,"column":5}},"19":{"start":{"line":32,"column":23},"end":{"line":32,"column":49}},"20":{"start":{"line":33,"column":6},"end":{"line":36,"column":7}},"21":{"start":{"line":34,"column":8},"end":{"line":34,"column":37}},"22":{"start":{"line":35,"column":8},"end":{"line":35,"column":58}},"23":{"start":{"line":39,"column":4},"end":{"line":39,"column":44}}},"fnMap":{"0":{"name":"performBackup","decl":{"start":{"line":8,"column":22},"end":{"line":8,"column":35}},"loc":{"start":{"line":8,"column":38},"end":{"line":19,"column":1}},"line":8},"1":{"name":"cleanupOldBackups","decl":{"start":{"line":21,"column":15},"end":{"line":21,"column":32}},"loc":{"start":{"line":21,"column":35},"end":{"line":41,"column":1}},"line":21},"2":{"name":"(anonymous_2)","decl":{"start":{"line":25,"column":14},"end":{"line":25,"column":15}},"loc":{"start":{"line":25,"column":22},"end":{"line":25,"column":52}},"line":25},"3":{"name":"(anonymous_3)","decl":{"start":{"line":26,"column":11},"end":{"line":26,"column":12}},"loc":{"start":{"line":26,"column":20},"end":{"line":26,"column":69}},"line":26},"4":{"name":"(anonymous_4)","decl":{"start":{"line":29,"column":17},"end":{"line":29,"column":18}},"loc":{"start":{"line":29,"column":27},"end":{"line":29,"column":55}},"line":29}},"branchMap":{"0":{"loc":{"start":{"line":31,"column":4},"end":{"line":37,"column":5}},"type":"if","locations":[{"start":{"line":31,"column":4},"end":{"line":37,"column":5}},{"start":{},"end":{}}],"line":31}},"s":{"0":0,"1":0,"2":0,"3":0,"4":0,"5":0,"6":0,"7":0,"8":0,"9":0,"10":0,"11":0,"12":0,"13":0,"14":0,"15":0,"16":0,"17":0,"18":0,"19":0,"20":0,"21":0,"22":0,"23":0},"f":{"0":0,"1":0,"2":0,"3":0,"4":0},"b":{"0":[0,0]},"all":true}}