{"total": {"lines":{"total":18093,"covered":7450,"skipped":0,"pct":41.17},"statements":{"total":18093,"covered":7450,"skipped":0,"pct":41.17},"functions":{"total":591,"covered":318,"skipped":0,"pct":53.8},"branches":{"total":1124,"covered":806,"skipped":0,"pct":71.7},"branchesTrue":{"total":0,"covered":0,"skipped":0,"pct":100}}
,"/home/creekz/Projects/Shady_Trader/backend/backup.ts": {"lines":{"total":41,"covered":39,"skipped":0,"pct":95.12},"functions":{"total":3,"covered":3,"skipped":0,"pct":100},"statements":{"total":41,"covered":39,"skipped":0,"pct":95.12},"branches":{"total":11,"covered":10,"skipped":0,"pct":90.9}}
,"/home/creekz/Projects/Shady_Trader/backend/database.ts": {"lines":{"total":202,"covered":20,"skipped":0,"pct":9.9},"functions":{"total":4,"covered":3,"skipped":0,"pct":75},"statements":{"total":202,"covered":20,"skipped":0,"pct":9.9},"branches":{"total":6,"covered":5,"skipped":0,"pct":83.33}}
,"/home/creekz/Projects/Shady_Trader/backend/database_postgres.ts": {"lines":{"total":598,"covered":24,"skipped":0,"pct":4.01},"functions":{"total":5,"covered":1,"skipped":0,"pct":20},"statements":{"total":598,"covered":24,"skipped":0,"pct":4.01},"branches":{"total":1,"covered":1,"skipped":0,"pct":100}}
,"/home/creekz/Projects/Shady_Trader/backend/database_worker.ts": {"lines":{"total":462,"covered":0,"skipped":0,"pct":0},"functions":{"total":1,"covered":0,"skipped":0,"pct":0},"statements":{"total":462,"covered":0,"skipped":0,"pct":0},"branches":{"total":1,"covered":0,"skipped":0,"pct":0}}
,"/home/creekz/Projects/Shady_Trader/backend/job_queues.ts": {"lines":{"total":326,"covered":34,"skipped":0,"pct":10.42},"functions":{"total":8,"covered":1,"skipped":0,"pct":12.5},"statements":{"total":326,"covered":34,"skipped":0,"pct":10.42},"branches":{"total":1,"covered":1,"skipped":0,"pct":100}}
,"/home/creekz/Projects/Shady_Trader/backend/main.ts": {"lines":{"total":1043,"covered":560,"skipped":0,"pct":53.69},"functions":{"total":46,"covered":33,"skipped":0,"pct":71.73},"statements":{"total":1043,"covered":560,"skipped":0,"pct":53.69},"branches":{"total":94,"covered":56,"skipped":0,"pct":59.57}}
,"/home/creekz/Projects/Shady_Trader/backend/stateless-manager.ts": {"lines":{"total":177,"covered":59,"skipped":0,"pct":33.33},"functions":{"total":16,"covered":6,"skipped":0,"pct":37.5},"statements":{"total":177,"covered":59,"skipped":0,"pct":33.33},"branches":{"total":12,"covered":7,"skipped":0,"pct":58.33}}
,"/home/creekz/Projects/Shady_Trader/backend/api/marketDataService.ts": {"lines":{"total":170,"covered":149,"skipped":0,"pct":87.64},"functions":{"total":11,"covered":9,"skipped":0,"pct":81.81},"statements":{"total":170,"covered":149,"skipped":0,"pct":87.64},"branches":{"total":32,"covered":19,"skipped":0,"pct":59.37}}
,"/home/creekz/Projects/Shady_Trader/backend/api/routes.ts": {"lines":{"total":1204,"covered":571,"skipped":0,"pct":47.42},"functions":{"total":11,"covered":8,"skipped":0,"pct":72.72},"statements":{"total":1204,"covered":571,"skipped":0,"pct":47.42},"branches":{"total":122,"covered":81,"skipped":0,"pct":66.39}}
,"/home/creekz/Projects/Shady_Trader/backend/api/websocket.ts": {"lines":{"total":25,"covered":24,"skipped":0,"pct":96},"functions":{"total":2,"covered":2,"skipped":0,"pct":100},"statements":{"total":25,"covered":24,"skipped":0,"pct":96},"branches":{"total":6,"covered":6,"skipped":0,"pct":100}}
,"/home/creekz/Projects/Shady_Trader/backend/balance/manager.ts": {"lines":{"total":173,"covered":135,"skipped":0,"pct":78.03},"functions":{"total":13,"covered":9,"skipped":0,"pct":69.23},"statements":{"total":173,"covered":135,"skipped":0,"pct":78.03},"branches":{"total":13,"covered":9,"skipped":0,"pct":69.23}}
,"/home/creekz/Projects/Shady_Trader/backend/config/validation.ts": {"lines":{"total":19,"covered":19,"skipped":0,"pct":100},"functions":{"total":0,"covered":0,"skipped":0,"pct":100},"statements":{"total":19,"covered":19,"skipped":0,"pct":100},"branches":{"total":2,"covered":2,"skipped":0,"pct":100}}
,"/home/creekz/Projects/Shady_Trader/backend/exchange/adapter.ts": {"lines":{"total":449,"covered":446,"skipped":0,"pct":99.33},"functions":{"total":39,"covered":9,"skipped":0,"pct":23.07},"statements":{"total":449,"covered":446,"skipped":0,"pct":99.33},"branches":{"total":13,"covered":12,"skipped":0,"pct":92.3}}
,"/home/creekz/Projects/Shady_Trader/backend/exchange/backpressure.ts": {"lines":{"total":205,"covered":0,"skipped":0,"pct":0},"functions":{"total":1,"covered":0,"skipped":0,"pct":0},"statements":{"total":205,"covered":0,"skipped":0,"pct":0},"branches":{"total":1,"covered":0,"skipped":0,"pct":0}}
,"/home/creekz/Projects/Shady_Trader/backend/exchange/cache.ts": {"lines":{"total":213,"covered":0,"skipped":0,"pct":0},"functions":{"total":1,"covered":0,"skipped":0,"pct":0},"statements":{"total":213,"covered":0,"skipped":0,"pct":0},"branches":{"total":1,"covered":0,"skipped":0,"pct":0}}
,"/home/creekz/Projects/Shady_Trader/backend/exchange/connector.ts": {"lines":{"total":950,"covered":354,"skipped":0,"pct":37.26},"functions":{"total":33,"covered":15,"skipped":0,"pct":45.45},"statements":{"total":950,"covered":354,"skipped":0,"pct":37.26},"branches":{"total":61,"covered":39,"skipped":0,"pct":63.93}}
,"/home/creekz/Projects/Shady_Trader/backend/exchange/data-serializer.ts": {"lines":{"total":102,"covered":0,"skipped":0,"pct":0},"functions":{"total":1,"covered":0,"skipped":0,"pct":0},"statements":{"total":102,"covered":0,"skipped":0,"pct":0},"branches":{"total":1,"covered":0,"skipped":0,"pct":0}}
,"/home/creekz/Projects/Shady_Trader/backend/exchange/deduplication.ts": {"lines":{"total":101,"covered":0,"skipped":0,"pct":0},"functions":{"total":1,"covered":0,"skipped":0,"pct":0},"statements":{"total":101,"covered":0,"skipped":0,"pct":0},"branches":{"total":1,"covered":0,"skipped":0,"pct":0}}
,"/home/creekz/Projects/Shady_Trader/backend/exchange/distributed-locks.ts": {"lines":{"total":159,"covered":0,"skipped":0,"pct":0},"functions":{"total":1,"covered":0,"skipped":0,"pct":0},"statements":{"total":159,"covered":0,"skipped":0,"pct":0},"branches":{"total":1,"covered":0,"skipped":0,"pct":0}}
,"/home/creekz/Projects/Shady_Trader/backend/exchange/latency-profiler.ts": {"lines":{"total":145,"covered":0,"skipped":0,"pct":0},"functions":{"total":1,"covered":0,"skipped":0,"pct":0},"statements":{"total":145,"covered":0,"skipped":0,"pct":0},"branches":{"total":1,"covered":0,"skipped":0,"pct":0}}
,"/home/creekz/Projects/Shady_Trader/backend/exchange/partitioner.ts": {"lines":{"total":157,"covered":0,"skipped":0,"pct":0},"functions":{"total":1,"covered":0,"skipped":0,"pct":0},"statements":{"total":157,"covered":0,"skipped":0,"pct":0},"branches":{"total":1,"covered":0,"skipped":0,"pct":0}}
,"/home/creekz/Projects/Shady_Trader/backend/exchange/reconciliation.ts": {"lines":{"total":237,"covered":55,"skipped":0,"pct":23.2},"functions":{"total":12,"covered":6,"skipped":0,"pct":50},"statements":{"total":237,"covered":55,"skipped":0,"pct":23.2},"branches":{"total":8,"covered":7,"skipped":0,"pct":87.5}}
,"/home/creekz/Projects/Shady_Trader/backend/exchange/ws-connection-pool.ts": {"lines":{"total":285,"covered":0,"skipped":0,"pct":0},"functions":{"total":1,"covered":0,"skipped":0,"pct":0},"statements":{"total":285,"covered":0,"skipped":0,"pct":0},"branches":{"total":1,"covered":0,"skipped":0,"pct":0}}
,"/home/creekz/Projects/Shady_Trader/backend/indicators/engine.ts": {"lines":{"total":171,"covered":120,"skipped":0,"pct":70.17},"functions":{"total":7,"covered":4,"skipped":0,"pct":57.14},"statements":{"total":171,"covered":120,"skipped":0,"pct":70.17},"branches":{"total":44,"covered":44,"skipped":0,"pct":100}}
,"/home/creekz/Projects/Shady_Trader/backend/logging/logger.ts": {"lines":{"total":122,"covered":110,"skipped":0,"pct":90.16},"functions":{"total":4,"covered":4,"skipped":0,"pct":100},"statements":{"total":122,"covered":110,"skipped":0,"pct":90.16},"branches":{"total":24,"covered":18,"skipped":0,"pct":75}}
,"/home/creekz/Projects/Shady_Trader/backend/logging/rotation.ts": {"lines":{"total":245,"covered":178,"skipped":0,"pct":72.65},"functions":{"total":15,"covered":7,"skipped":0,"pct":46.66},"statements":{"total":245,"covered":178,"skipped":0,"pct":72.65},"branches":{"total":9,"covered":7,"skipped":0,"pct":77.77}}
,"/home/creekz/Projects/Shady_Trader/backend/monte-carlo/index.ts": {"lines":{"total":29,"covered":0,"skipped":0,"pct":0},"functions":{"total":1,"covered":0,"skipped":0,"pct":0},"statements":{"total":29,"covered":0,"skipped":0,"pct":0},"branches":{"total":1,"covered":0,"skipped":0,"pct":0}}
,"/home/creekz/Projects/Shady_Trader/backend/monte-carlo/api/monte-carlo-websocket.ts": {"lines":{"total":204,"covered":0,"skipped":0,"pct":0},"functions":{"total":1,"covered":0,"skipped":0,"pct":0},"statements":{"total":204,"covered":0,"skipped":0,"pct":0},"branches":{"total":1,"covered":0,"skipped":0,"pct":0}}
,"/home/creekz/Projects/Shady_Trader/backend/monte-carlo/api/monte-carlo.controller.ts": {"lines":{"total":284,"covered":0,"skipped":0,"pct":0},"functions":{"total":1,"covered":0,"skipped":0,"pct":0},"statements":{"total":284,"covered":0,"skipped":0,"pct":0},"branches":{"total":1,"covered":0,"skipped":0,"pct":0}}
,"/home/creekz/Projects/Shady_Trader/backend/monte-carlo/engine/correlation-matrix.ts": {"lines":{"total":282,"covered":0,"skipped":0,"pct":0},"functions":{"total":1,"covered":0,"skipped":0,"pct":0},"statements":{"total":282,"covered":0,"skipped":0,"pct":0},"branches":{"total":1,"covered":0,"skipped":0,"pct":0}}
,"/home/creekz/Projects/Shady_Trader/backend/monte-carlo/engine/monte-carlo-engine.ts": {"lines":{"total":393,"covered":303,"skipped":0,"pct":77.09},"functions":{"total":17,"covered":13,"skipped":0,"pct":76.47},"statements":{"total":393,"covered":303,"skipped":0,"pct":77.09},"branches":{"total":22,"covered":14,"skipped":0,"pct":63.63}}
,"/home/creekz/Projects/Shady_Trader/backend/monte-carlo/engine/path-generator.ts": {"lines":{"total":168,"covered":57,"skipped":0,"pct":33.92},"functions":{"total":10,"covered":4,"skipped":0,"pct":40},"statements":{"total":168,"covered":57,"skipped":0,"pct":33.92},"branches":{"total":8,"covered":4,"skipped":0,"pct":50}}
,"/home/creekz/Projects/Shady_Trader/backend/monte-carlo/engine/risk-calculator.ts": {"lines":{"total":417,"covered":114,"skipped":0,"pct":27.33},"functions":{"total":22,"covered":5,"skipped":0,"pct":22.72},"statements":{"total":417,"covered":114,"skipped":0,"pct":27.33},"branches":{"total":7,"covered":5,"skipped":0,"pct":71.42}}
,"/home/creekz/Projects/Shady_Trader/backend/monte-carlo/engine/stress-test-engine.ts": {"lines":{"total":365,"covered":261,"skipped":0,"pct":71.5},"functions":{"total":30,"covered":10,"skipped":0,"pct":33.33},"statements":{"total":365,"covered":261,"skipped":0,"pct":71.5},"branches":{"total":13,"covered":10,"skipped":0,"pct":76.92}}
,"/home/creekz/Projects/Shady_Trader/backend/monte-carlo/types/index.ts": {"lines":{"total":85,"covered":0,"skipped":0,"pct":0},"functions":{"total":1,"covered":0,"skipped":0,"pct":0},"statements":{"total":85,"covered":0,"skipped":0,"pct":0},"branches":{"total":1,"covered":0,"skipped":0,"pct":0}}
,"/home/creekz/Projects/Shady_Trader/backend/monte-carlo/utils/validation.ts": {"lines":{"total":214,"covered":0,"skipped":0,"pct":0},"functions":{"total":1,"covered":0,"skipped":0,"pct":0},"statements":{"total":214,"covered":0,"skipped":0,"pct":0},"branches":{"total":1,"covered":0,"skipped":0,"pct":0}}
,"/home/creekz/Projects/Shady_Trader/backend/observability/requestMetrics.ts": {"lines":{"total":109,"covered":109,"skipped":0,"pct":100},"functions":{"total":6,"covered":6,"skipped":0,"pct":100},"statements":{"total":109,"covered":109,"skipped":0,"pct":100},"branches":{"total":19,"covered":12,"skipped":0,"pct":63.15}}
,"/home/creekz/Projects/Shady_Trader/backend/paper-trading/order-book.ts": {"lines":{"total":294,"covered":266,"skipped":0,"pct":90.47},"functions":{"total":15,"covered":14,"skipped":0,"pct":93.33},"statements":{"total":294,"covered":266,"skipped":0,"pct":90.47},"branches":{"total":52,"covered":36,"skipped":0,"pct":69.23}}
,"/home/creekz/Projects/Shady_Trader/backend/paper-trading/paper-trading-service.ts": {"lines":{"total":449,"covered":398,"skipped":0,"pct":88.64},"functions":{"total":18,"covered":18,"skipped":0,"pct":100},"statements":{"total":449,"covered":398,"skipped":0,"pct":88.64},"branches":{"total":67,"covered":42,"skipped":0,"pct":62.68}}
,"/home/creekz/Projects/Shady_Trader/backend/paper-trading/paper-trading.controller.ts": {"lines":{"total":553,"covered":318,"skipped":0,"pct":57.5},"functions":{"total":1,"covered":1,"skipped":0,"pct":100},"statements":{"total":553,"covered":318,"skipped":0,"pct":57.5},"branches":{"total":1,"covered":1,"skipped":0,"pct":100}}
,"/home/creekz/Projects/Shady_Trader/backend/paper-trading/position-tracker.ts": {"lines":{"total":295,"covered":275,"skipped":0,"pct":93.22},"functions":{"total":21,"covered":19,"skipped":0,"pct":90.47},"statements":{"total":295,"covered":275,"skipped":0,"pct":93.22},"branches":{"total":70,"covered":58,"skipped":0,"pct":82.85}}
,"/home/creekz/Projects/Shady_Trader/backend/paper-trading/state-machine.ts": {"lines":{"total":311,"covered":303,"skipped":0,"pct":97.42},"functions":{"total":25,"covered":24,"skipped":0,"pct":96},"statements":{"total":311,"covered":303,"skipped":0,"pct":97.42},"branches":{"total":51,"covered":47,"skipped":0,"pct":92.15}}
,"/home/creekz/Projects/Shady_Trader/backend/paper-trading/websocket-handler.ts": {"lines":{"total":245,"covered":50,"skipped":0,"pct":20.4},"functions":{"total":14,"covered":3,"skipped":0,"pct":21.42},"statements":{"total":245,"covered":50,"skipped":0,"pct":20.4},"branches":{"total":3,"covered":3,"skipped":0,"pct":100}}
,"/home/creekz/Projects/Shady_Trader/backend/regime/detector.ts": {"lines":{"total":276,"covered":182,"skipped":0,"pct":65.94},"functions":{"total":9,"covered":9,"skipped":0,"pct":100},"statements":{"total":276,"covered":182,"skipped":0,"pct":65.94},"branches":{"total":57,"covered":39,"skipped":0,"pct":68.42}}
,"/home/creekz/Projects/Shady_Trader/backend/risk/manager.ts": {"lines":{"total":400,"covered":329,"skipped":0,"pct":82.25},"functions":{"total":18,"covered":14,"skipped":0,"pct":77.77},"statements":{"total":400,"covered":329,"skipped":0,"pct":82.25},"branches":{"total":58,"covered":51,"skipped":0,"pct":87.93}}
,"/home/creekz/Projects/Shady_Trader/backend/shadow/shadow_trader.ts": {"lines":{"total":604,"covered":482,"skipped":0,"pct":79.8},"functions":{"total":12,"covered":11,"skipped":0,"pct":91.66},"statements":{"total":604,"covered":482,"skipped":0,"pct":79.8},"branches":{"total":115,"covered":78,"skipped":0,"pct":67.82}}
,"/home/creekz/Projects/Shady_Trader/backend/slippage/cost-estimator.ts": {"lines":{"total":143,"covered":111,"skipped":0,"pct":77.62},"functions":{"total":9,"covered":8,"skipped":0,"pct":88.88},"statements":{"total":143,"covered":111,"skipped":0,"pct":77.62},"branches":{"total":14,"covered":8,"skipped":0,"pct":57.14}}
,"/home/creekz/Projects/Shady_Trader/backend/slippage/engine.ts": {"lines":{"total":158,"covered":66,"skipped":0,"pct":41.77},"functions":{"total":15,"covered":4,"skipped":0,"pct":26.66},"statements":{"total":158,"covered":66,"skipped":0,"pct":41.77},"branches":{"total":4,"covered":4,"skipped":0,"pct":100}}
,"/home/creekz/Projects/Shady_Trader/backend/slippage/impact-simulator.ts": {"lines":{"total":189,"covered":171,"skipped":0,"pct":90.47},"functions":{"total":13,"covered":12,"skipped":0,"pct":92.3},"statements":{"total":189,"covered":171,"skipped":0,"pct":90.47},"branches":{"total":23,"covered":22,"skipped":0,"pct":95.65}}
,"/home/creekz/Projects/Shady_Trader/backend/slippage/index.ts": {"lines":{"total":6,"covered":6,"skipped":0,"pct":100},"functions":{"total":0,"covered":0,"skipped":0,"pct":100},"statements":{"total":6,"covered":6,"skipped":0,"pct":100},"branches":{"total":0,"covered":0,"skipped":0,"pct":100}}
,"/home/creekz/Projects/Shady_Trader/backend/slippage/liquidity-analyzer.ts": {"lines":{"total":256,"covered":46,"skipped":0,"pct":17.96},"functions":{"total":15,"covered":3,"skipped":0,"pct":20},"statements":{"total":256,"covered":46,"skipped":0,"pct":17.96},"branches":{"total":3,"covered":3,"skipped":0,"pct":100}}
,"/home/creekz/Projects/Shady_Trader/backend/slippage/types.ts": {"lines":{"total":263,"covered":213,"skipped":0,"pct":80.98},"functions":{"total":7,"covered":3,"skipped":0,"pct":42.85},"statements":{"total":263,"covered":213,"skipped":0,"pct":80.98},"branches":{"total":3,"covered":3,"skipped":0,"pct":100}}
,"/home/creekz/Projects/Shady_Trader/backend/strategy/optimization_engine.ts": {"lines":{"total":150,"covered":40,"skipped":0,"pct":26.66},"functions":{"total":8,"covered":3,"skipped":0,"pct":37.5},"statements":{"total":150,"covered":40,"skipped":0,"pct":26.66},"branches":{"total":3,"covered":3,"skipped":0,"pct":100}}
,"/home/creekz/Projects/Shady_Trader/backend/strategy/signal_generator.ts": {"lines":{"total":520,"covered":102,"skipped":0,"pct":19.61},"functions":{"total":18,"covered":4,"skipped":0,"pct":22.22},"statements":{"total":520,"covered":102,"skipped":0,"pct":19.61},"branches":{"total":11,"covered":4,"skipped":0,"pct":36.36}}
,"/home/creekz/Projects/Shady_Trader/backend/types/express.d.ts": {"lines":{"total":9,"covered":0,"skipped":0,"pct":0},"functions":{"total":1,"covered":0,"skipped":0,"pct":0},"statements":{"total":9,"covered":0,"skipped":0,"pct":0},"branches":{"total":1,"covered":0,"skipped":0,"pct":0}}
,"/home/creekz/Projects/Shady_Trader/backend/validation/wfa/data-partitioner.ts": {"lines":{"total":175,"covered":175,"skipped":0,"pct":100},"functions":{"total":6,"covered":6,"skipped":0,"pct":100},"statements":{"total":175,"covered":175,"skipped":0,"pct":100},"branches":{"total":37,"covered":31,"skipped":0,"pct":83.78}}
,"/home/creekz/Projects/Shady_Trader/backend/validation/wfa/overfitting-detector.ts": {"lines":{"total":334,"covered":83,"skipped":0,"pct":24.85},"functions":{"total":16,"covered":2,"skipped":0,"pct":12.5},"statements":{"total":334,"covered":83,"skipped":0,"pct":24.85},"branches":{"total":2,"covered":2,"skipped":0,"pct":100}}
,"/home/creekz/Projects/Shady_Trader/backend/validation/wfa/rolling-optimizer.ts": {"lines":{"total":425,"covered":0,"skipped":0,"pct":0},"functions":{"total":1,"covered":0,"skipped":0,"pct":0},"statements":{"total":425,"covered":0,"skipped":0,"pct":0},"branches":{"total":1,"covered":0,"skipped":0,"pct":0}}
,"/home/creekz/Projects/Shady_Trader/backend/validation/wfa/statistical-validator.ts": {"lines":{"total":422,"covered":93,"skipped":0,"pct":22.03},"functions":{"total":17,"covered":2,"skipped":0,"pct":11.76},"statements":{"total":422,"covered":93,"skipped":0,"pct":22.03},"branches":{"total":2,"covered":2,"skipped":0,"pct":100}}
,"/home/creekz/Projects/Shady_Trader/backend/validation/wfa/validation-visualizer.ts": {"lines":{"total":360,"covered":0,"skipped":0,"pct":0},"functions":{"total":1,"covered":0,"skipped":0,"pct":0},"statements":{"total":360,"covered":0,"skipped":0,"pct":0},"branches":{"total":1,"covered":0,"skipped":0,"pct":0}}
,"/home/creekz/Projects/Shady_Trader/backend/validation/wfa/wfa-checkpoint.ts": {"lines":{"total":316,"covered":0,"skipped":0,"pct":0},"functions":{"total":1,"covered":0,"skipped":0,"pct":0},"statements":{"total":316,"covered":0,"skipped":0,"pct":0},"branches":{"total":1,"covered":0,"skipped":0,"pct":0}}
,"/home/creekz/Projects/Shady_Trader/backend/validation/wfa/wfa-controller.ts": {"lines":{"total":409,"covered":0,"skipped":0,"pct":0},"functions":{"total":1,"covered":0,"skipped":0,"pct":0},"statements":{"total":409,"covered":0,"skipped":0,"pct":0},"branches":{"total":1,"covered":0,"skipped":0,"pct":0}}
}
