{"total": {"lines":{"total":17852,"covered":5099,"skipped":0,"pct":28.56},"statements":{"total":17852,"covered":5099,"skipped":0,"pct":28.56},"functions":{"total":343,"covered":248,"skipped":0,"pct":72.3},"branches":{"total":928,"covered":694,"skipped":0,"pct":74.78},"branchesTrue":{"total":0,"covered":0,"skipped":0,"pct":100}}
,"/home/creekz/Projects/Shady_Trader/backend/backup.ts": {"lines":{"total":41,"covered":33,"skipped":0,"pct":80.48},"functions":{"total":3,"covered":3,"skipped":0,"pct":100},"statements":{"total":41,"covered":33,"skipped":0,"pct":80.48},"branches":{"total":9,"covered":7,"skipped":0,"pct":77.77}}
,"/home/creekz/Projects/Shady_Trader/backend/database.ts": {"lines":{"total":74,"covered":38,"skipped":0,"pct":51.35},"functions":{"total":4,"covered":3,"skipped":0,"pct":75},"statements":{"total":74,"covered":38,"skipped":0,"pct":51.35},"branches":{"total":8,"covered":7,"skipped":0,"pct":87.5}}
,"/home/creekz/Projects/Shady_Trader/backend/database_postgres.ts": {"lines":{"total":598,"covered":24,"skipped":0,"pct":4.01},"functions":{"total":5,"covered":1,"skipped":0,"pct":20},"statements":{"total":598,"covered":24,"skipped":0,"pct":4.01},"branches":{"total":1,"covered":1,"skipped":0,"pct":100}}
,"/home/creekz/Projects/Shady_Trader/backend/database_worker.ts": {"lines":{"total":462,"covered":0,"skipped":0,"pct":0},"functions":{"total":1,"covered":0,"skipped":0,"pct":0},"statements":{"total":462,"covered":0,"skipped":0,"pct":0},"branches":{"total":1,"covered":0,"skipped":0,"pct":0}}
,"/home/creekz/Projects/Shady_Trader/backend/job_queues.ts": {"lines":{"total":326,"covered":0,"skipped":0,"pct":0},"functions":{"total":1,"covered":0,"skipped":0,"pct":0},"statements":{"total":326,"covered":0,"skipped":0,"pct":0},"branches":{"total":1,"covered":0,"skipped":0,"pct":0}}
,"/home/creekz/Projects/Shady_Trader/backend/main.ts": {"lines":{"total":1011,"covered":0,"skipped":0,"pct":0},"functions":{"total":1,"covered":0,"skipped":0,"pct":0},"statements":{"total":1011,"covered":0,"skipped":0,"pct":0},"branches":{"total":1,"covered":0,"skipped":0,"pct":0}}
,"/home/creekz/Projects/Shady_Trader/backend/stateless-manager.ts": {"lines":{"total":164,"covered":0,"skipped":0,"pct":0},"functions":{"total":1,"covered":0,"skipped":0,"pct":0},"statements":{"total":164,"covered":0,"skipped":0,"pct":0},"branches":{"total":1,"covered":0,"skipped":0,"pct":0}}
,"/home/creekz/Projects/Shady_Trader/backend/api/marketDataService.ts": {"lines":{"total":170,"covered":144,"skipped":0,"pct":84.7},"functions":{"total":11,"covered":7,"skipped":0,"pct":63.63},"statements":{"total":170,"covered":144,"skipped":0,"pct":84.7},"branches":{"total":29,"covered":16,"skipped":0,"pct":55.17}}
,"/home/creekz/Projects/Shady_Trader/backend/api/routes.ts": {"lines":{"total":1154,"covered":0,"skipped":0,"pct":0},"functions":{"total":1,"covered":0,"skipped":0,"pct":0},"statements":{"total":1154,"covered":0,"skipped":0,"pct":0},"branches":{"total":1,"covered":0,"skipped":0,"pct":0}}
,"/home/creekz/Projects/Shady_Trader/backend/api/websocket.ts": {"lines":{"total":25,"covered":24,"skipped":0,"pct":96},"functions":{"total":2,"covered":2,"skipped":0,"pct":100},"statements":{"total":25,"covered":24,"skipped":0,"pct":96},"branches":{"total":6,"covered":6,"skipped":0,"pct":100}}
,"/home/creekz/Projects/Shady_Trader/backend/balance/manager.ts": {"lines":{"total":173,"covered":135,"skipped":0,"pct":78.03},"functions":{"total":13,"covered":9,"skipped":0,"pct":69.23},"statements":{"total":173,"covered":135,"skipped":0,"pct":78.03},"branches":{"total":13,"covered":9,"skipped":0,"pct":69.23}}
,"/home/creekz/Projects/Shady_Trader/backend/config/validation.ts": {"lines":{"total":19,"covered":19,"skipped":0,"pct":100},"functions":{"total":0,"covered":0,"skipped":0,"pct":100},"statements":{"total":19,"covered":19,"skipped":0,"pct":100},"branches":{"total":2,"covered":2,"skipped":0,"pct":100}}
,"/home/creekz/Projects/Shady_Trader/backend/exchange/adapter.ts": {"lines":{"total":449,"covered":0,"skipped":0,"pct":0},"functions":{"total":1,"covered":0,"skipped":0,"pct":0},"statements":{"total":449,"covered":0,"skipped":0,"pct":0},"branches":{"total":1,"covered":0,"skipped":0,"pct":0}}
,"/home/creekz/Projects/Shady_Trader/backend/exchange/backpressure.ts": {"lines":{"total":205,"covered":0,"skipped":0,"pct":0},"functions":{"total":1,"covered":0,"skipped":0,"pct":0},"statements":{"total":205,"covered":0,"skipped":0,"pct":0},"branches":{"total":1,"covered":0,"skipped":0,"pct":0}}
,"/home/creekz/Projects/Shady_Trader/backend/exchange/cache.ts": {"lines":{"total":213,"covered":0,"skipped":0,"pct":0},"functions":{"total":1,"covered":0,"skipped":0,"pct":0},"statements":{"total":213,"covered":0,"skipped":0,"pct":0},"branches":{"total":1,"covered":0,"skipped":0,"pct":0}}
,"/home/creekz/Projects/Shady_Trader/backend/exchange/connector.ts": {"lines":{"total":942,"covered":0,"skipped":0,"pct":0},"functions":{"total":1,"covered":0,"skipped":0,"pct":0},"statements":{"total":942,"covered":0,"skipped":0,"pct":0},"branches":{"total":1,"covered":0,"skipped":0,"pct":0}}
,"/home/creekz/Projects/Shady_Trader/backend/exchange/data-serializer.ts": {"lines":{"total":102,"covered":0,"skipped":0,"pct":0},"functions":{"total":1,"covered":0,"skipped":0,"pct":0},"statements":{"total":102,"covered":0,"skipped":0,"pct":0},"branches":{"total":1,"covered":0,"skipped":0,"pct":0}}
,"/home/creekz/Projects/Shady_Trader/backend/exchange/deduplication.ts": {"lines":{"total":101,"covered":0,"skipped":0,"pct":0},"functions":{"total":1,"covered":0,"skipped":0,"pct":0},"statements":{"total":101,"covered":0,"skipped":0,"pct":0},"branches":{"total":1,"covered":0,"skipped":0,"pct":0}}
,"/home/creekz/Projects/Shady_Trader/backend/exchange/distributed-locks.ts": {"lines":{"total":159,"covered":0,"skipped":0,"pct":0},"functions":{"total":1,"covered":0,"skipped":0,"pct":0},"statements":{"total":159,"covered":0,"skipped":0,"pct":0},"branches":{"total":1,"covered":0,"skipped":0,"pct":0}}
,"/home/creekz/Projects/Shady_Trader/backend/exchange/latency-profiler.ts": {"lines":{"total":145,"covered":0,"skipped":0,"pct":0},"functions":{"total":1,"covered":0,"skipped":0,"pct":0},"statements":{"total":145,"covered":0,"skipped":0,"pct":0},"branches":{"total":1,"covered":0,"skipped":0,"pct":0}}
,"/home/creekz/Projects/Shady_Trader/backend/exchange/partitioner.ts": {"lines":{"total":157,"covered":0,"skipped":0,"pct":0},"functions":{"total":1,"covered":0,"skipped":0,"pct":0},"statements":{"total":157,"covered":0,"skipped":0,"pct":0},"branches":{"total":1,"covered":0,"skipped":0,"pct":0}}
,"/home/creekz/Projects/Shady_Trader/backend/exchange/reconciliation.ts": {"lines":{"total":236,"covered":0,"skipped":0,"pct":0},"functions":{"total":1,"covered":0,"skipped":0,"pct":0},"statements":{"total":236,"covered":0,"skipped":0,"pct":0},"branches":{"total":1,"covered":0,"skipped":0,"pct":0}}
,"/home/creekz/Projects/Shady_Trader/backend/exchange/ws-connection-pool.ts": {"lines":{"total":285,"covered":0,"skipped":0,"pct":0},"functions":{"total":1,"covered":0,"skipped":0,"pct":0},"statements":{"total":285,"covered":0,"skipped":0,"pct":0},"branches":{"total":1,"covered":0,"skipped":0,"pct":0}}
,"/home/creekz/Projects/Shady_Trader/backend/indicators/engine.ts": {"lines":{"total":171,"covered":120,"skipped":0,"pct":70.17},"functions":{"total":7,"covered":4,"skipped":0,"pct":57.14},"statements":{"total":171,"covered":120,"skipped":0,"pct":70.17},"branches":{"total":43,"covered":43,"skipped":0,"pct":100}}
,"/home/creekz/Projects/Shady_Trader/backend/logging/logger.ts": {"lines":{"total":122,"covered":108,"skipped":0,"pct":88.52},"functions":{"total":4,"covered":4,"skipped":0,"pct":100},"statements":{"total":122,"covered":108,"skipped":0,"pct":88.52},"branches":{"total":20,"covered":13,"skipped":0,"pct":65}}
,"/home/creekz/Projects/Shady_Trader/backend/logging/rotation.ts": {"lines":{"total":245,"covered":178,"skipped":0,"pct":72.65},"functions":{"total":15,"covered":7,"skipped":0,"pct":46.66},"statements":{"total":245,"covered":178,"skipped":0,"pct":72.65},"branches":{"total":9,"covered":7,"skipped":0,"pct":77.77}}
,"/home/creekz/Projects/Shady_Trader/backend/monte-carlo/index.ts": {"lines":{"total":29,"covered":0,"skipped":0,"pct":0},"functions":{"total":1,"covered":0,"skipped":0,"pct":0},"statements":{"total":29,"covered":0,"skipped":0,"pct":0},"branches":{"total":1,"covered":0,"skipped":0,"pct":0}}
,"/home/creekz/Projects/Shady_Trader/backend/monte-carlo/api/monte-carlo-websocket.ts": {"lines":{"total":204,"covered":0,"skipped":0,"pct":0},"functions":{"total":1,"covered":0,"skipped":0,"pct":0},"statements":{"total":204,"covered":0,"skipped":0,"pct":0},"branches":{"total":1,"covered":0,"skipped":0,"pct":0}}
,"/home/creekz/Projects/Shady_Trader/backend/monte-carlo/api/monte-carlo.controller.ts": {"lines":{"total":272,"covered":0,"skipped":0,"pct":0},"functions":{"total":1,"covered":0,"skipped":0,"pct":0},"statements":{"total":272,"covered":0,"skipped":0,"pct":0},"branches":{"total":1,"covered":0,"skipped":0,"pct":0}}
,"/home/creekz/Projects/Shady_Trader/backend/monte-carlo/engine/correlation-matrix.ts": {"lines":{"total":281,"covered":0,"skipped":0,"pct":0},"functions":{"total":1,"covered":0,"skipped":0,"pct":0},"statements":{"total":281,"covered":0,"skipped":0,"pct":0},"branches":{"total":1,"covered":0,"skipped":0,"pct":0}}
,"/home/creekz/Projects/Shady_Trader/backend/monte-carlo/engine/monte-carlo-engine.ts": {"lines":{"total":391,"covered":0,"skipped":0,"pct":0},"functions":{"total":1,"covered":0,"skipped":0,"pct":0},"statements":{"total":391,"covered":0,"skipped":0,"pct":0},"branches":{"total":1,"covered":0,"skipped":0,"pct":0}}
,"/home/creekz/Projects/Shady_Trader/backend/monte-carlo/engine/path-generator.ts": {"lines":{"total":163,"covered":0,"skipped":0,"pct":0},"functions":{"total":1,"covered":0,"skipped":0,"pct":0},"statements":{"total":163,"covered":0,"skipped":0,"pct":0},"branches":{"total":1,"covered":0,"skipped":0,"pct":0}}
,"/home/creekz/Projects/Shady_Trader/backend/monte-carlo/engine/risk-calculator.ts": {"lines":{"total":478,"covered":0,"skipped":0,"pct":0},"functions":{"total":1,"covered":0,"skipped":0,"pct":0},"statements":{"total":478,"covered":0,"skipped":0,"pct":0},"branches":{"total":1,"covered":0,"skipped":0,"pct":0}}
,"/home/creekz/Projects/Shady_Trader/backend/monte-carlo/engine/stress-test-engine.ts": {"lines":{"total":365,"covered":0,"skipped":0,"pct":0},"functions":{"total":1,"covered":0,"skipped":0,"pct":0},"statements":{"total":365,"covered":0,"skipped":0,"pct":0},"branches":{"total":1,"covered":0,"skipped":0,"pct":0}}
,"/home/creekz/Projects/Shady_Trader/backend/monte-carlo/types/index.ts": {"lines":{"total":85,"covered":0,"skipped":0,"pct":0},"functions":{"total":1,"covered":0,"skipped":0,"pct":0},"statements":{"total":85,"covered":0,"skipped":0,"pct":0},"branches":{"total":1,"covered":0,"skipped":0,"pct":0}}
,"/home/creekz/Projects/Shady_Trader/backend/monte-carlo/utils/validation.ts": {"lines":{"total":214,"covered":0,"skipped":0,"pct":0},"functions":{"total":1,"covered":0,"skipped":0,"pct":0},"statements":{"total":214,"covered":0,"skipped":0,"pct":0},"branches":{"total":1,"covered":0,"skipped":0,"pct":0}}
,"/home/creekz/Projects/Shady_Trader/backend/observability/requestMetrics.ts": {"lines":{"total":109,"covered":109,"skipped":0,"pct":100},"functions":{"total":6,"covered":6,"skipped":0,"pct":100},"statements":{"total":109,"covered":109,"skipped":0,"pct":100},"branches":{"total":19,"covered":10,"skipped":0,"pct":52.63}}
,"/home/creekz/Projects/Shady_Trader/backend/paper-trading/order-book.ts": {"lines":{"total":294,"covered":262,"skipped":0,"pct":89.11},"functions":{"total":15,"covered":14,"skipped":0,"pct":93.33},"statements":{"total":294,"covered":262,"skipped":0,"pct":89.11},"branches":{"total":45,"covered":27,"skipped":0,"pct":60}}
,"/home/creekz/Projects/Shady_Trader/backend/paper-trading/paper-trading-service.ts": {"lines":{"total":447,"covered":420,"skipped":0,"pct":93.95},"functions":{"total":18,"covered":18,"skipped":0,"pct":100},"statements":{"total":447,"covered":420,"skipped":0,"pct":93.95},"branches":{"total":63,"covered":40,"skipped":0,"pct":63.49}}
,"/home/creekz/Projects/Shady_Trader/backend/paper-trading/paper-trading.controller.ts": {"lines":{"total":553,"covered":0,"skipped":0,"pct":0},"functions":{"total":1,"covered":0,"skipped":0,"pct":0},"statements":{"total":553,"covered":0,"skipped":0,"pct":0},"branches":{"total":1,"covered":0,"skipped":0,"pct":0}}
,"/home/creekz/Projects/Shady_Trader/backend/paper-trading/position-tracker.ts": {"lines":{"total":295,"covered":254,"skipped":0,"pct":86.1},"functions":{"total":21,"covered":18,"skipped":0,"pct":85.71},"statements":{"total":295,"covered":254,"skipped":0,"pct":86.1},"branches":{"total":56,"covered":44,"skipped":0,"pct":78.57}}
,"/home/creekz/Projects/Shady_Trader/backend/paper-trading/state-machine.ts": {"lines":{"total":311,"covered":303,"skipped":0,"pct":97.42},"functions":{"total":25,"covered":24,"skipped":0,"pct":96},"statements":{"total":311,"covered":303,"skipped":0,"pct":97.42},"branches":{"total":51,"covered":47,"skipped":0,"pct":92.15}}
,"/home/creekz/Projects/Shady_Trader/backend/paper-trading/websocket-handler.ts": {"lines":{"total":245,"covered":0,"skipped":0,"pct":0},"functions":{"total":1,"covered":0,"skipped":0,"pct":0},"statements":{"total":245,"covered":0,"skipped":0,"pct":0},"branches":{"total":1,"covered":0,"skipped":0,"pct":0}}
,"/home/creekz/Projects/Shady_Trader/backend/regime/detector.ts": {"lines":{"total":276,"covered":180,"skipped":0,"pct":65.21},"functions":{"total":9,"covered":8,"skipped":0,"pct":88.88},"statements":{"total":276,"covered":180,"skipped":0,"pct":65.21},"branches":{"total":58,"covered":46,"skipped":0,"pct":79.31}}
,"/home/creekz/Projects/Shady_Trader/backend/risk/manager.ts": {"lines":{"total":400,"covered":329,"skipped":0,"pct":82.25},"functions":{"total":18,"covered":14,"skipped":0,"pct":77.77},"statements":{"total":400,"covered":329,"skipped":0,"pct":82.25},"branches":{"total":58,"covered":51,"skipped":0,"pct":87.93}}
,"/home/creekz/Projects/Shady_Trader/backend/shadow/shadow_trader.ts": {"lines":{"total":588,"covered":474,"skipped":0,"pct":80.61},"functions":{"total":12,"covered":11,"skipped":0,"pct":91.66},"statements":{"total":588,"covered":474,"skipped":0,"pct":80.61},"branches":{"total":109,"covered":75,"skipped":0,"pct":68.8}}
,"/home/creekz/Projects/Shady_Trader/backend/slippage/cost-estimator.ts": {"lines":{"total":143,"covered":113,"skipped":0,"pct":79.02},"functions":{"total":9,"covered":8,"skipped":0,"pct":88.88},"statements":{"total":143,"covered":113,"skipped":0,"pct":79.02},"branches":{"total":15,"covered":11,"skipped":0,"pct":73.33}}
,"/home/creekz/Projects/Shady_Trader/backend/slippage/engine.ts": {"lines":{"total":158,"covered":66,"skipped":0,"pct":41.77},"functions":{"total":15,"covered":4,"skipped":0,"pct":26.66},"statements":{"total":158,"covered":66,"skipped":0,"pct":41.77},"branches":{"total":4,"covered":4,"skipped":0,"pct":100}}
,"/home/creekz/Projects/Shady_Trader/backend/slippage/impact-simulator.ts": {"lines":{"total":172,"covered":169,"skipped":0,"pct":98.25},"functions":{"total":12,"covered":12,"skipped":0,"pct":100},"statements":{"total":172,"covered":169,"skipped":0,"pct":98.25},"branches":{"total":23,"covered":22,"skipped":0,"pct":95.65}}
,"/home/creekz/Projects/Shady_Trader/backend/slippage/index.ts": {"lines":{"total":6,"covered":6,"skipped":0,"pct":100},"functions":{"total":0,"covered":0,"skipped":0,"pct":100},"statements":{"total":6,"covered":6,"skipped":0,"pct":100},"branches":{"total":0,"covered":0,"skipped":0,"pct":100}}
,"/home/creekz/Projects/Shady_Trader/backend/slippage/liquidity-analyzer.ts": {"lines":{"total":242,"covered":182,"skipped":0,"pct":75.2},"functions":{"total":14,"covered":11,"skipped":0,"pct":78.57},"statements":{"total":242,"covered":182,"skipped":0,"pct":75.2},"branches":{"total":29,"covered":22,"skipped":0,"pct":75.86}}
,"/home/creekz/Projects/Shady_Trader/backend/slippage/types.ts": {"lines":{"total":263,"covered":241,"skipped":0,"pct":91.63},"functions":{"total":7,"covered":6,"skipped":0,"pct":85.71},"statements":{"total":263,"covered":241,"skipped":0,"pct":91.63},"branches":{"total":10,"covered":6,"skipped":0,"pct":60}}
,"/home/creekz/Projects/Shady_Trader/backend/strategy/optimization_engine.ts": {"lines":{"total":150,"covered":138,"skipped":0,"pct":92},"functions":{"total":8,"covered":8,"skipped":0,"pct":100},"statements":{"total":150,"covered":138,"skipped":0,"pct":92},"branches":{"total":22,"covered":19,"skipped":0,"pct":86.36}}
,"/home/creekz/Projects/Shady_Trader/backend/strategy/signal_generator.ts": {"lines":{"total":520,"covered":204,"skipped":0,"pct":39.23},"functions":{"total":18,"covered":8,"skipped":0,"pct":44.44},"statements":{"total":520,"covered":204,"skipped":0,"pct":39.23},"branches":{"total":28,"covered":17,"skipped":0,"pct":60.71}}
,"/home/creekz/Projects/Shady_Trader/backend/types/express.d.ts": {"lines":{"total":9,"covered":0,"skipped":0,"pct":0},"functions":{"total":1,"covered":0,"skipped":0,"pct":0},"statements":{"total":9,"covered":0,"skipped":0,"pct":0},"branches":{"total":1,"covered":0,"skipped":0,"pct":0}}
,"/home/creekz/Projects/Shady_Trader/backend/validation/wfa/data-partitioner.ts": {"lines":{"total":175,"covered":98,"skipped":0,"pct":56},"functions":{"total":6,"covered":5,"skipped":0,"pct":83.33},"statements":{"total":175,"covered":98,"skipped":0,"pct":56},"branches":{"total":22,"covered":18,"skipped":0,"pct":81.81}}
,"/home/creekz/Projects/Shady_Trader/backend/validation/wfa/overfitting-detector.ts": {"lines":{"total":334,"covered":328,"skipped":0,"pct":98.2},"functions":{"total":16,"covered":16,"skipped":0,"pct":100},"statements":{"total":334,"covered":328,"skipped":0,"pct":98.2},"branches":{"total":76,"covered":66,"skipped":0,"pct":86.84}}
,"/home/creekz/Projects/Shady_Trader/backend/validation/wfa/rolling-optimizer.ts": {"lines":{"total":425,"covered":0,"skipped":0,"pct":0},"functions":{"total":1,"covered":0,"skipped":0,"pct":0},"statements":{"total":425,"covered":0,"skipped":0,"pct":0},"branches":{"total":1,"covered":0,"skipped":0,"pct":0}}
,"/home/creekz/Projects/Shady_Trader/backend/validation/wfa/statistical-validator.ts": {"lines":{"total":422,"covered":400,"skipped":0,"pct":94.78},"functions":{"total":17,"covered":17,"skipped":0,"pct":100},"statements":{"total":422,"covered":400,"skipped":0,"pct":94.78},"branches":{"total":67,"covered":58,"skipped":0,"pct":86.56}}
,"/home/creekz/Projects/Shady_Trader/backend/validation/wfa/validation-visualizer.ts": {"lines":{"total":360,"covered":0,"skipped":0,"pct":0},"functions":{"total":1,"covered":0,"skipped":0,"pct":0},"statements":{"total":360,"covered":0,"skipped":0,"pct":0},"branches":{"total":1,"covered":0,"skipped":0,"pct":0}}
,"/home/creekz/Projects/Shady_Trader/backend/validation/wfa/wfa-checkpoint.ts": {"lines":{"total":316,"covered":0,"skipped":0,"pct":0},"functions":{"total":1,"covered":0,"skipped":0,"pct":0},"statements":{"total":316,"covered":0,"skipped":0,"pct":0},"branches":{"total":1,"covered":0,"skipped":0,"pct":0}}
,"/home/creekz/Projects/Shady_Trader/backend/validation/wfa/wfa-controller.ts": {"lines":{"total":408,"covered":0,"skipped":0,"pct":0},"functions":{"total":1,"covered":0,"skipped":0,"pct":0},"statements":{"total":408,"covered":0,"skipped":0,"pct":0},"branches":{"total":1,"covered":0,"skipped":0,"pct":0}}
}
